Arguments: 
  C:\Program Files\nodejs\node.exe C:\Users\yajie\AppData\Roaming\npm\node_modules\yarn\bin\yarn.js add storage-blob

PATH: 
  C:\Python310\Scripts\;C:\Python310\;C:\Program Files\Eclipse Foundation\jdk-8.0.302.8-hotspot\bin;C:\Program Files (x86)\Microsoft SDKs\Azure\CLI2\wbin;C:\Windows\system32;C:\Windows;C:\Windows\System32\Wbem;C:\Windows\System32\WindowsPowerShell\v1.0\;C:\Windows\System32\OpenSSH\;C:\Program Files (x86)\Microsoft SQL Server\150\DTS\Binn\;C:\Program Files\Azure Data Studio\bin;C:\Program Files\Git\cmd;C:\Program Files\dotnet\;C:\Program Files\Microsoft SQL Server\130\Tools\Binn\;C:\Program Files\Microsoft SQL Server\Client SDK\ODBC\170\Tools\Binn\;C:\Users\yajie\Miniconda3\condabin;D:\green_software\ffmpeg-N-102632-g575e52272d-win64-gpl\bin;C:\Users\yajie\AppData\Local\Android\Sdk\platform-tools;D:\green_software\apkTool;C:\Program Files\Android\Android Studio\jre\bin;D:\green_software;C:\Users\yajie\Miniconda3\Scripts;C:\Users\yajie\Miniconda3;C:\Program Files\Go\bin;C:\Program Files\Git;C:\Users\yajie\Miniconda3\Library\bin;C:\ProgramData\chocolatey\bin;C:\Users\yajie\Microsoft.EsrpClient.1.2.40\tools;C:\Program Files (x86)\Microsoft SDKs\Azure\Storage Emulator;C:\Program Files\Microsoft SQL Server\150\Tools\Binn\;D:\green_software\apache-jmeter-5.4\bin;D:\green_software\azcopy_windows_amd64_10.15.0;D:\green_software\apache-maven-3.8.5\bin;C:\WINDOWS\system32;C:\WINDOWS;C:\WINDOWS\System32\Wbem;C:\WINDOWS\System32\WindowsPowerShell\v1.0\;C:\WINDOWS\System32\OpenSSH\;C:\Program Files\nodejs\;C:\Program Files\WinRAR;;C:\Program Files\Docker\Docker\resources\bin;C:\Users\yajie\AppData\Local\Microsoft\WindowsApps;;C:\Program Files\Azure Data Studio\bin;C:\Users\yajie\.dotnet\tools;C:\Users\yajie\go\bin;C:\Users\yajie\AppData\Local\Programs\Microsoft VS Code\bin;C:\Users\yajie\AppData\Roaming\npm

Yarn version: 
  1.22.17

Node version: 
  18.12.1

Platform: 
  win32 x64

Trace: 
  Error: https://registry.yarnpkg.com/storage-blob: Not found
      at params.callback [as _callback] (C:\Users\yajie\AppData\Roaming\npm\node_modules\yarn\lib\cli.js:67029:18)
      at self.callback (C:\Users\yajie\AppData\Roaming\npm\node_modules\yarn\lib\cli.js:140883:22)
      at Request.emit (node:events:513:28)
      at Request.<anonymous> (C:\Users\yajie\AppData\Roaming\npm\node_modules\yarn\lib\cli.js:141855:10)
      at Request.emit (node:events:513:28)
      at IncomingMessage.<anonymous> (C:\Users\yajie\AppData\Roaming\npm\node_modules\yarn\lib\cli.js:141777:12)
      at Object.onceWrapper (node:events:627:28)
      at IncomingMessage.emit (node:events:525:35)
      at endReadableNT (node:internal/streams/readable:1359:12)
      at process.processTicksAndRejections (node:internal/process/task_queues:82:21)

npm manifest: 
  {
    "name": "blobuploader",
    "version": "1.0.0",
    "description": "",
    "main": "index.js",
    "scripts": {
      "test": "echo \"Error: no test specified\" && exit 1"
    },
    "author": "",
    "license": "ISC"
  }

yarn manifest: 
  No manifest

Lockfile: 
  # THIS IS AN AUTOGENERATED FILE. DO NOT EDIT THIS FILE DIRECTLY.
  # yarn lockfile v1
